<?xml version="1.0" encoding="UTF-8"?>
<!-- Generated by org.testng.reporters.JUnitXMLReporter -->
<testsuite ignored="0" hostname="agasa" failures="0" tests="3" name="Default test" time="0.067" errors="0" timestamp="2023-01-05T12:03:16 EST">
  <testcase classname="testsuite.Module2" name="test001" time="0.011"/>
  <testcase classname="testsuite.Module2" name="test002" time="0.001"/>
  <testcase classname="testsuite.Module2" name="test003" time="0.004"/>
</testsuite> <!-- Default test -->
