<?xml version="1.0" encoding="UTF-8"?>
<!-- Generated by org.testng.reporters.JUnitXMLReporter -->
<testsuite ignored="3" hostname="agasa" failures="0" tests="3" name="Sanity" time="0.045" errors="0" timestamp="2022-11-10T19:43:59 EST">
  <testcase classname="testsuite.Module1" name="test001" time="0.01"/>
  <testcase classname="testsuite.Module2" name="test001" time="0.001"/>
  <testcase classname="testsuite.Module2" name="test002" time="0.001"/>
  <testcase classname="testsuite.Module1" name="test003" time="0.0">
    <ignored/>
  </testcase> <!-- test003 -->
  <testcase classname="testsuite.Module2" name="test003" time="0.0">
    <ignored/>
  </testcase> <!-- test003 -->
  <testcase classname="testsuite.Module1" name="test002" time="0.0">
    <ignored/>
  </testcase> <!-- test002 -->
</testsuite> <!-- Sanity -->
