<?xml version="1.0" encoding="UTF-8"?>
<testng-results ignored="0" total="3" passed="3" failed="0" skipped="0">
  <reporter-output>
  </reporter-output>
  <suite started-at="2023-01-05T12:03:16 EST" name="Default suite" finished-at="2023-01-05T12:03:16 EST" duration-ms="67">
    <groups>
    </groups>
    <test started-at="2023-01-05T12:03:16 EST" name="Default test" finished-at="2023-01-05T12:03:16 EST" duration-ms="67">
      <class name="testsuite.Module2">
        <test-method signature="test001()[pri:0, instance:testsuite.Module2@5e82df6a]" started-at="2023-01-05T12:03:16 EST" name="test001" finished-at="2023-01-05T12:03:16 EST" duration-ms="11" status="PASS">
          <reporter-output>
          </reporter-output>
        </test-method> <!-- test001 -->
        <test-method signature="test002()[pri:0, instance:testsuite.Module2@5e82df6a]" started-at="2023-01-05T12:03:16 EST" name="test002" finished-at="2023-01-05T12:03:16 EST" duration-ms="1" status="PASS">
          <reporter-output>
          </reporter-output>
        </test-method> <!-- test002 -->
        <test-method signature="test003()[pri:0, instance:testsuite.Module2@5e82df6a]" started-at="2023-01-05T12:03:16 EST" name="test003" finished-at="2023-01-05T12:03:16 EST" duration-ms="4" status="PASS">
          <reporter-output>
          </reporter-output>
        </test-method> <!-- test003 -->
      </class> <!-- testsuite.Module2 -->
    </test> <!-- Default test -->
  </suite> <!-- Default suite -->
</testng-results>
